[debug] [2023-07-05T15:09:42.630Z] ----------------------------------------------------------------------
[debug] [2023-07-05T15:09:42.631Z] Command:       /usr/local/bin/node /usr/local/bin/firebase init
[debug] [2023-07-05T15:09:42.631Z] CLI Version:   12.4.2
[debug] [2023-07-05T15:09:42.632Z] Platform:      darwin
[debug] [2023-07-05T15:09:42.632Z] Node Version:  v18.15.0
[debug] [2023-07-05T15:09:42.632Z] Time:          Wed Jul 05 2023 20:39:42 GMT+0530 (India Standard Time)
[debug] [2023-07-05T15:09:42.632Z] ----------------------------------------------------------------------
[debug] 
[debug] [2023-07-05T15:09:42.635Z] > command requires scopes: ["email","openid","https://www.googleapis.com/auth/cloudplatformprojects.readonly","https://www.googleapis.com/auth/firebase","https://www.googleapis.com/auth/cloud-platform"]
[debug] [2023-07-05T15:09:42.636Z] > authorizing via signed-in user (mohd.zaid.123786@gmail.com)
[info] 
     ######## #### ########  ######## ########     ###     ######  ########
     ##        ##  ##     ## ##       ##     ##  ##   ##  ##       ##
     ######    ##  ########  ######   ########  #########  ######  ######
     ##        ##  ##    ##  ##       ##     ## ##     ##       ## ##
     ##       #### ##     ## ######## ########  ##     ##  ######  ########

You're about to initialize a Firebase project in this directory:

  /Users/mohdzaid/Desktop/sideprojects/imagery

[info] 
=== Project Setup
[info] 
[info] First, let's associate this project directory with a Firebase project.
[info] You can create multiple project aliases by running firebase use --add, 
[info] but for now we'll just set up a default project.
[info] 
[debug] [2023-07-05T15:11:20.988Z] > refreshing access token with scopes: []
[debug] [2023-07-05T15:11:20.992Z] >>> [apiv2][query] POST https://www.googleapis.com/oauth2/v3/token [none]
[debug] [2023-07-05T15:11:20.992Z] >>> [apiv2][body] POST https://www.googleapis.com/oauth2/v3/token [omitted]
[debug] [2023-07-05T15:11:21.280Z] <<< [apiv2][status] POST https://www.googleapis.com/oauth2/v3/token 400
[debug] [2023-07-05T15:11:21.280Z] <<< [apiv2][body] POST https://www.googleapis.com/oauth2/v3/token [omitted]
[debug] [2023-07-05T15:11:21.281Z] >>> [apiv2][query] GET https://firebase.googleapis.com/v1beta1/projects pageSize=100
[debug] [2023-07-05T15:11:21.520Z] <<< [apiv2][status] GET https://firebase.googleapis.com/v1beta1/projects 401
[debug] [2023-07-05T15:11:21.520Z] <<< [apiv2][body] GET https://firebase.googleapis.com/v1beta1/projects [omitted]
[debug] [2023-07-05T15:11:21.522Z] HTTP Error: 401, Request had invalid authentication credentials. Expected OAuth 2 access token, login cookie or other valid authentication credential. See https://developers.google.com/identity/sign-in/web/devconsole-project.
[debug] [2023-07-05T15:11:21.679Z] FirebaseError: HTTP Error: 401, Request had invalid authentication credentials. Expected OAuth 2 access token, login cookie or other valid authentication credential. See https://developers.google.com/identity/sign-in/web/devconsole-project.
    at responseToError (/usr/local/lib/node_modules/firebase-tools/lib/responseToError.js:49:12)
    at RetryOperation._fn (/usr/local/lib/node_modules/firebase-tools/lib/apiv2.js:288:77)
    at process.processTicksAndRejections (node:internal/process/task_queues:95:5)
[error] 
[error] Error: Failed to list Firebase projects. See firebase-debug.log for more info.
